# JRE version: OpenJDK Runtime Environment (17.0.2+8) (build 17.0.2+8-86)
# Java VM: OpenJDK 64-Bit Server VM (17.0.2+8-86, mixed mode, sharing, tiered, compressed oops, compressed class ptrs, g1 gc, windows-amd64)
GC Precious Log:
 CPUs: 4 total, 4 available
 Memory: 6024M
 Large Page Support: Disabled
 NUMA Support: Disabled
 Compressed Oops: Enabled (32-bit)
 Heap Region Size: 1M
 Heap Min Capacity: 8M
 Heap Initial Capacity: 96M
 Heap Max Capacity: 2G
 Pre-touch: Disabled
 Parallel Workers: 4
 Concurrent Workers: 1
 Concurrent Refinement Workers: 4
 Periodic GC: Disabled
Heap:
 garbage-first heap   total 419840K, used 217618K [0x0000000080000000, 0x0000000100000000)
  region size 1024K, 90 young (92160K), 16 survivors (16384K)
 Metaspace       used 131046K, committed 131776K, reserved 544768K
  class space    used 16305K, committed 16640K, reserved 421888K
GC Heap History (20 events):
Event: 122.759 GC heap before
{Heap before GC invocations=94 (full 0):
 garbage-first heap   total 419840K, used 364249K [0x0000000080000000, 0x0000000100000000)
  region size 1024K, 233 young (238592K), 12 survivors (12288K)
 Metaspace       used 112255K, committed 112896K, reserved 528384K
  class space    used 13711K, committed 14016K, reserved 421888K
}
Event: 122.778 GC heap after
{Heap after GC invocations=95 (full 0):
 garbage-first heap   total 419840K, used 139481K [0x0000000080000000, 0x0000000100000000)
  region size 1024K, 14 young (14336K), 14 survivors (14336K)
 Metaspace       used 112255K, committed 112896K, reserved 528384K
  class space    used 13711K, committed 14016K, reserved 421888K
}
Event: 124.626 GC heap before
{Heap before GC invocations=95 (full 0):
 garbage-first heap   total 419840K, used 362713K [0x0000000080000000, 0x0000000100000000)
  region size 1024K, 231 young (236544K), 14 survivors (14336K)
 Metaspace       used 112329K, committed 112960K, reserved 528384K
  class space    used 13719K, committed 14016K, reserved 421888K
}
Event: 124.637 GC heap after
{Heap after GC invocations=96 (full 0):
 garbage-first heap   total 419840K, used 129811K [0x0000000080000000, 0x0000000100000000)
  region size 1024K, 2 young (2048K), 2 survivors (2048K)
 Metaspace       used 112329K, committed 112960K, reserved 528384K
  class space    used 13719K, committed 14016K, reserved 421888K
}
Event: 125.631 GC heap before
{Heap before GC invocations=96 (full 0):
 garbage-first heap   total 419840K, used 374547K [0x0000000080000000, 0x0000000100000000)
  region size 1024K, 238 young (243712K), 2 survivors (2048K)
 Metaspace       used 112341K, committed 113024K, reserved 528384K
  class space    used 13719K, committed 14016K, reserved 421888K
}
Event: 125.636 GC heap after
{Heap after GC invocations=97 (full 0):
 garbage-first heap   total 419840K, used 133793K [0x0000000080000000, 0x0000000100000000)
  region size 1024K, 4 young (4096K), 4 survivors (4096K)
 Metaspace       used 112341K, committed 113024K, reserved 528384K
  class space    used 13719K, committed 14016K, reserved 421888K
}
Event: 127.002 GC heap before
{Heap before GC invocations=97 (full 0):
 garbage-first heap   total 419840K, used 373409K [0x0000000080000000, 0x0000000100000000)
  region size 1024K, 234 young (239616K), 4 survivors (4096K)
 Metaspace       used 114599K, committed 115264K, reserved 528384K
  class space    used 14018K, committed 14336K, reserved 421888K
}
Event: 127.008 GC heap after
{Heap after GC invocations=98 (full 0):
 garbage-first heap   total 419840K, used 135006K [0x0000000080000000, 0x0000000100000000)
  region size 1024K, 4 young (4096K), 4 survivors (4096K)
 Metaspace       used 114599K, committed 115264K, reserved 528384K
  class space    used 14018K, committed 14336K, reserved 421888K
}
Event: 129.071 GC heap before
{Heap before GC invocations=98 (full 0):
 garbage-first heap   total 419840K, used 367454K [0x0000000080000000, 0x0000000100000000)
  region size 1024K, 231 young (236544K), 4 survivors (4096K)
 Metaspace       used 119365K, committed 120000K, reserved 528384K
  class space    used 14769K, committed 15040K, reserved 421888K
}
Event: 129.086 GC heap after
{Heap after GC invocations=99 (full 0):
 garbage-first heap   total 419840K, used 139669K [0x0000000080000000, 0x0000000100000000)
  region size 1024K, 8 young (8192K), 8 survivors (8192K)
 Metaspace       used 119365K, committed 120000K, reserved 528384K
  class space    used 14769K, committed 15040K, reserved 421888K
}
Event: 129.907 GC heap before
{Heap before GC invocations=99 (full 0):
 garbage-first heap   total 419840K, used 365973K [0x0000000080000000, 0x0000000100000000)
  region size 1024K, 229 young (234496K), 8 survivors (8192K)
 Metaspace       used 119365K, committed 120000K, reserved 528384K
  class space    used 14769K, committed 15040K, reserved 421888K
}
Event: 129.924 GC heap after
{Heap after GC invocations=100 (full 0):
 garbage-first heap   total 419840K, used 142822K [0x0000000080000000, 0x0000000100000000)
  region size 1024K, 11 young (11264K), 11 survivors (11264K)
 Metaspace       used 119365K, committed 120000K, reserved 528384K
  class space    used 14769K, committed 15040K, reserved 421888K
}
Event: 131.270 GC heap before
{Heap before GC invocations=100 (full 0):
 garbage-first heap   total 419840K, used 365030K [0x0000000080000000, 0x0000000100000000)
  region size 1024K, 228 young (233472K), 11 survivors (11264K)
 Metaspace       used 119408K, committed 120064K, reserved 528384K
  class space    used 14773K, committed 15040K, reserved 421888K
}
Event: 131.281 GC heap after
{Heap after GC invocations=101 (full 0):
 garbage-first heap   total 419840K, used 137599K [0x0000000080000000, 0x0000000100000000)
  region size 1024K, 6 young (6144K), 6 survivors (6144K)
 Metaspace       used 119408K, committed 120064K, reserved 528384K
  class space    used 14773K, committed 15040K, reserved 421888K
}
Event: 133.843 GC heap before
{Heap before GC invocations=101 (full 0):
 garbage-first heap   total 419840K, used 366975K [0x0000000080000000, 0x0000000100000000)
  region size 1024K, 231 young (236544K), 6 survivors (6144K)
 Metaspace       used 120702K, committed 121472K, reserved 536576K
  class space    used 14871K, committed 15232K, reserved 421888K
}
Event: 133.855 GC heap after
{Heap after GC invocations=102 (full 0):
 garbage-first heap   total 419840K, used 138042K [0x0000000080000000, 0x0000000100000000)
  region size 1024K, 7 young (7168K), 7 survivors (7168K)
 Metaspace       used 120702K, committed 121472K, reserved 536576K
  class space    used 14871K, committed 15232K, reserved 421888K
}
Event: 135.175 GC heap before
{Heap before GC invocations=102 (full 0):
 garbage-first heap   total 419840K, used 368442K [0x0000000080000000, 0x0000000100000000)
  region size 1024K, 232 young (237568K), 7 survivors (7168K)
 Metaspace       used 120733K, committed 121472K, reserved 536576K
  class space    used 14871K, committed 15232K, reserved 421888K
}
Event: 135.193 GC heap after
{Heap after GC invocations=103 (full 0):
 garbage-first heap   total 419840K, used 137743K [0x0000000080000000, 0x0000000100000000)
  region size 1024K, 6 young (6144K), 6 survivors (6144K)
 Metaspace       used 120733K, committed 121472K, reserved 536576K
  class space    used 14871K, committed 15232K, reserved 421888K
}
Event: 138.575 GC heap before
{Heap before GC invocations=103 (full 0):
 garbage-first heap   total 419840K, used 371215K [0x0000000080000000, 0x0000000100000000)
  region size 1024K, 233 young (238592K), 6 survivors (6144K)
 Metaspace       used 124423K, committed 125120K, reserved 536576K
  class space    used 15366K, committed 15744K, reserved 421888K
}
Event: 138.615 GC heap after
{Heap after GC invocations=104 (full 0):
 garbage-first heap   total 419840K, used 142866K [0x0000000080000000, 0x0000000100000000)
  region size 1024K, 16 young (16384K), 16 survivors (16384K)
 Metaspace       used 124423K, committed 125120K, reserved 536576K
  class space    used 15366K, committed 15744K, reserved 421888K
}

