# JRE version: OpenJDK Runtime Environment (17.0.2+8) (build 17.0.2+8-86)
# Java VM: OpenJDK 64-Bit Server VM (17.0.2+8-86, mixed mode, sharing, tiered, compressed oops, compressed class ptrs, g1 gc, windows-amd64)
GC Precious Log:
 CPUs: 4 total, 4 available
 Memory: 6024M
 Large Page Support: Disabled
 NUMA Support: Disabled
 Compressed Oops: Enabled (32-bit)
 Heap Region Size: 1M
 Heap Min Capacity: 8M
 Heap Initial Capacity: 96M
 Heap Max Capacity: 2G
 Pre-touch: Disabled
 Parallel Workers: 4
 Concurrent Workers: 1
 Concurrent Refinement Workers: 4
 Periodic GC: Disabled
Heap:
 garbage-first heap   total 110592K, used 58346K [0x0000000080000000, 0x0000000100000000)
  region size 1024K, 7 young (7168K), 4 survivors (4096K)
 Metaspace       used 61845K, committed 62528K, reserved 479232K
  class space    used 8687K, committed 9024K, reserved 421888K
GC Heap History (20 events):
Event: 43.259 GC heap before
{Heap before GC invocations=14 (full 0):
 garbage-first heap   total 75776K, used 38153K [0x0000000080000000, 0x0000000100000000)
  region size 1024K, 6 young (6144K), 4 survivors (4096K)
 Metaspace       used 41018K, committed 41536K, reserved 462848K
  class space    used 5732K, committed 5952K, reserved 421888K
}
Event: 43.270 GC heap after
{Heap after GC invocations=15 (full 0):
 garbage-first heap   total 75776K, used 38141K [0x0000000080000000, 0x0000000100000000)
  region size 1024K, 3 young (3072K), 3 survivors (3072K)
 Metaspace       used 41018K, committed 41536K, reserved 462848K
  class space    used 5732K, committed 5952K, reserved 421888K
}
Event: 44.073 GC heap before
{Heap before GC invocations=16 (full 0):
 garbage-first heap   total 75776K, used 61693K [0x0000000080000000, 0x0000000100000000)
  region size 1024K, 23 young (23552K), 3 survivors (3072K)
 Metaspace       used 43993K, committed 44480K, reserved 462848K
  class space    used 6145K, committed 6336K, reserved 421888K
}
Event: 44.082 GC heap after
{Heap after GC invocations=17 (full 0):
 garbage-first heap   total 75776K, used 43387K [0x0000000080000000, 0x0000000100000000)
  region size 1024K, 3 young (3072K), 3 survivors (3072K)
 Metaspace       used 43993K, committed 44480K, reserved 462848K
  class space    used 6145K, committed 6336K, reserved 421888K
}
Event: 44.676 GC heap before
{Heap before GC invocations=17 (full 0):
 garbage-first heap   total 75776K, used 60795K [0x0000000080000000, 0x0000000100000000)
  region size 1024K, 20 young (20480K), 3 survivors (3072K)
 Metaspace       used 46079K, committed 46656K, reserved 462848K
  class space    used 6493K, committed 6784K, reserved 421888K
}
Event: 44.685 GC heap after
{Heap after GC invocations=18 (full 0):
 garbage-first heap   total 75776K, used 44407K [0x0000000080000000, 0x0000000100000000)
  region size 1024K, 1 young (1024K), 1 survivors (1024K)
 Metaspace       used 46079K, committed 46656K, reserved 462848K
  class space    used 6493K, committed 6784K, reserved 421888K
}
Event: 45.389 GC heap before
{Heap before GC invocations=19 (full 0):
 garbage-first heap   total 78848K, used 61815K [0x0000000080000000, 0x0000000100000000)
  region size 1024K, 18 young (18432K), 1 survivors (1024K)
 Metaspace       used 47959K, committed 48576K, reserved 471040K
  class space    used 6756K, committed 7040K, reserved 421888K
}
Event: 45.396 GC heap after
{Heap after GC invocations=20 (full 0):
 garbage-first heap   total 78848K, used 45256K [0x0000000080000000, 0x0000000100000000)
  region size 1024K, 2 young (2048K), 2 survivors (2048K)
 Metaspace       used 47959K, committed 48576K, reserved 471040K
  class space    used 6756K, committed 7040K, reserved 421888K
}
Event: 45.941 GC heap before
{Heap before GC invocations=20 (full 0):
 garbage-first heap   total 78848K, used 63688K [0x0000000080000000, 0x0000000100000000)
  region size 1024K, 20 young (20480K), 2 survivors (2048K)
 Metaspace       used 50441K, committed 51008K, reserved 471040K
  class space    used 7101K, committed 7360K, reserved 421888K
}
Event: 45.948 GC heap after
{Heap after GC invocations=21 (full 0):
 garbage-first heap   total 78848K, used 45867K [0x0000000080000000, 0x0000000100000000)
  region size 1024K, 2 young (2048K), 2 survivors (2048K)
 Metaspace       used 50441K, committed 51008K, reserved 471040K
  class space    used 7101K, committed 7360K, reserved 421888K
}
Event: 46.684 GC heap before
{Heap before GC invocations=22 (full 0):
 garbage-first heap   total 83968K, used 63275K [0x0000000080000000, 0x0000000100000000)
  region size 1024K, 20 young (20480K), 2 survivors (2048K)
 Metaspace       used 51978K, committed 52544K, reserved 471040K
  class space    used 7283K, committed 7552K, reserved 421888K
}
Event: 46.692 GC heap after
{Heap after GC invocations=23 (full 0):
 garbage-first heap   total 83968K, used 46634K [0x0000000080000000, 0x0000000100000000)
  region size 1024K, 2 young (2048K), 2 survivors (2048K)
 Metaspace       used 51978K, committed 52544K, reserved 471040K
  class space    used 7283K, committed 7552K, reserved 421888K
}
Event: 47.383 GC heap before
{Heap before GC invocations=23 (full 0):
 garbage-first heap   total 83968K, used 68138K [0x0000000080000000, 0x0000000100000000)
  region size 1024K, 23 young (23552K), 2 survivors (2048K)
 Metaspace       used 53976K, committed 54592K, reserved 471040K
  class space    used 7572K, committed 7872K, reserved 421888K
}
Event: 47.392 GC heap after
{Heap after GC invocations=24 (full 0):
 garbage-first heap   total 83968K, used 48186K [0x0000000080000000, 0x0000000100000000)
  region size 1024K, 3 young (3072K), 3 survivors (3072K)
 Metaspace       used 53976K, committed 54592K, reserved 471040K
  class space    used 7572K, committed 7872K, reserved 421888K
}
Event: 48.032 GC heap before
{Heap before GC invocations=25 (full 0):
 garbage-first heap   total 92160K, used 68666K [0x0000000080000000, 0x0000000100000000)
  region size 1024K, 23 young (23552K), 3 survivors (3072K)
 Metaspace       used 55308K, committed 55872K, reserved 471040K
  class space    used 7795K, committed 8064K, reserved 421888K
}
Event: 48.043 GC heap after
{Heap after GC invocations=26 (full 0):
 garbage-first heap   total 92160K, used 49651K [0x0000000080000000, 0x0000000100000000)
  region size 1024K, 3 young (3072K), 3 survivors (3072K)
 Metaspace       used 55308K, committed 55872K, reserved 471040K
  class space    used 7795K, committed 8064K, reserved 421888K
}
Event: 49.292 GC heap before
{Heap before GC invocations=26 (full 0):
 garbage-first heap   total 92160K, used 74227K [0x0000000080000000, 0x0000000100000000)
  region size 1024K, 28 young (28672K), 3 survivors (3072K)
 Metaspace       used 57112K, committed 57792K, reserved 479232K
  class space    used 8064K, committed 8384K, reserved 421888K
}
Event: 49.309 GC heap after
{Heap after GC invocations=27 (full 0):
 garbage-first heap   total 110592K, used 52346K [0x0000000080000000, 0x0000000100000000)
  region size 1024K, 4 young (4096K), 4 survivors (4096K)
 Metaspace       used 57112K, committed 57792K, reserved 479232K
  class space    used 8064K, committed 8384K, reserved 421888K
}
Event: 50.959 GC heap before
{Heap before GC invocations=28 (full 0):
 garbage-first heap   total 110592K, used 87162K [0x0000000080000000, 0x0000000100000000)
  region size 1024K, 39 young (39936K), 4 survivors (4096K)
 Metaspace       used 61664K, committed 62272K, reserved 479232K
  class space    used 8653K, committed 8960K, reserved 421888K
}
Event: 50.979 GC heap after
{Heap after GC invocations=29 (full 0):
 garbage-first heap   total 110592K, used 56298K [0x0000000080000000, 0x0000000100000000)
  region size 1024K, 4 young (4096K), 4 survivors (4096K)
 Metaspace       used 61664K, committed 62272K, reserved 479232K
  class space    used 8653K, committed 8960K, reserved 421888K
}

