# JRE version: OpenJDK Runtime Environment (17.0.2+8) (build 17.0.2+8-86)
# Java VM: OpenJDK 64-Bit Server VM (17.0.2+8-86, mixed mode, sharing, tiered, compressed oops, compressed class ptrs, g1 gc, windows-amd64)
GC Precious Log:
 CPUs: 4 total, 4 available
 Memory: 6024M
 Large Page Support: Disabled
 NUMA Support: Disabled
 Compressed Oops: Enabled (32-bit)
 Heap Region Size: 1M
 Heap Min Capacity: 8M
 Heap Initial Capacity: 96M
 Heap Max Capacity: 1508M
 Pre-touch: Disabled
 Parallel Workers: 4
 Concurrent Workers: 1
 Concurrent Refinement Workers: 4
 Periodic GC: Disabled
Heap:
 garbage-first heap   total 137216K, used 85861K [0x00000000a1c00000, 0x0000000100000000)
  region size 1024K, 13 young (13312K), 1 survivors (1024K)
 Metaspace       used 61925K, committed 62272K, reserved 1105920K
  class space    used 6980K, committed 7168K, reserved 1048576K
GC Heap History (20 events):
Event: 8.751 GC heap before
{Heap before GC invocations=13 (full 0):
 garbage-first heap   total 113664K, used 85630K [0x00000000a1c00000, 0x0000000100000000)
  region size 1024K, 43 young (44032K), 2 survivors (2048K)
 Metaspace       used 44835K, committed 45120K, reserved 1089536K
  class space    used 5559K, committed 5696K, reserved 1048576K
}
Event: 8.766 GC heap after
{Heap after GC invocations=14 (full 0):
 garbage-first heap   total 113664K, used 46121K [0x00000000a1c00000, 0x0000000100000000)
  region size 1024K, 6 young (6144K), 6 survivors (6144K)
 Metaspace       used 44835K, committed 45120K, reserved 1089536K
  class space    used 5559K, committed 5696K, reserved 1048576K
}
Event: 9.487 GC heap before
{Heap before GC invocations=14 (full 0):
 garbage-first heap   total 113664K, used 74793K [0x00000000a1c00000, 0x0000000100000000)
  region size 1024K, 35 young (35840K), 6 survivors (6144K)
 Metaspace       used 45936K, committed 46208K, reserved 1089536K
  class space    used 5623K, committed 5760K, reserved 1048576K
}
Event: 9.516 GC heap after
{Heap after GC invocations=15 (full 0):
 garbage-first heap   total 113664K, used 49356K [0x00000000a1c00000, 0x0000000100000000)
  region size 1024K, 4 young (4096K), 4 survivors (4096K)
 Metaspace       used 45936K, committed 46208K, reserved 1089536K
  class space    used 5623K, committed 5760K, reserved 1048576K
}
Event: 10.975 GC heap before
{Heap before GC invocations=16 (full 0):
 garbage-first heap   total 113664K, used 86220K [0x00000000a1c00000, 0x0000000100000000)
  region size 1024K, 40 young (40960K), 4 survivors (4096K)
 Metaspace       used 47745K, committed 48064K, reserved 1097728K
  class space    used 5763K, committed 5888K, reserved 1048576K
}
Event: 11.002 GC heap after
{Heap after GC invocations=17 (full 0):
 garbage-first heap   total 113664K, used 54035K [0x00000000a1c00000, 0x0000000100000000)
  region size 1024K, 5 young (5120K), 5 survivors (5120K)
 Metaspace       used 47745K, committed 48064K, reserved 1097728K
  class space    used 5763K, committed 5888K, reserved 1048576K
}
Event: 13.201 GC heap before
{Heap before GC invocations=17 (full 0):
 garbage-first heap   total 113664K, used 87827K [0x00000000a1c00000, 0x0000000100000000)
  region size 1024K, 38 young (38912K), 5 survivors (5120K)
 Metaspace       used 50841K, committed 51136K, reserved 1097728K
  class space    used 6022K, committed 6144K, reserved 1048576K
}
Event: 13.236 GC heap after
{Heap after GC invocations=18 (full 0):
 garbage-first heap   total 113664K, used 56911K [0x00000000a1c00000, 0x0000000100000000)
  region size 1024K, 4 young (4096K), 4 survivors (4096K)
 Metaspace       used 50841K, committed 51136K, reserved 1097728K
  class space    used 6022K, committed 6144K, reserved 1048576K
}
Event: 13.317 GC heap before
{Heap before GC invocations=18 (full 0):
 garbage-first heap   total 113664K, used 61007K [0x00000000a1c00000, 0x0000000100000000)
  region size 1024K, 9 young (9216K), 4 survivors (4096K)
 Metaspace       used 50926K, committed 51200K, reserved 1097728K
  class space    used 6029K, committed 6144K, reserved 1048576K
}
Event: 13.339 GC heap after
{Heap after GC invocations=19 (full 0):
 garbage-first heap   total 137216K, used 57948K [0x00000000a1c00000, 0x0000000100000000)
  region size 1024K, 1 young (1024K), 1 survivors (1024K)
 Metaspace       used 50926K, committed 51200K, reserved 1097728K
  class space    used 6029K, committed 6144K, reserved 1048576K
}
Event: 15.140 GC heap before
{Heap before GC invocations=19 (full 0):
 garbage-first heap   total 137216K, used 106076K [0x00000000a1c00000, 0x0000000100000000)
  region size 1024K, 47 young (48128K), 1 survivors (1024K)
 Metaspace       used 52602K, committed 52864K, reserved 1097728K
  class space    used 6144K, committed 6272K, reserved 1048576K
}
Event: 15.164 GC heap after
{Heap after GC invocations=20 (full 0):
 garbage-first heap   total 137216K, used 63846K [0x00000000a1c00000, 0x0000000100000000)
  region size 1024K, 6 young (6144K), 6 survivors (6144K)
 Metaspace       used 52602K, committed 52864K, reserved 1097728K
  class space    used 6144K, committed 6272K, reserved 1048576K
}
Event: 17.267 GC heap before
{Heap before GC invocations=20 (full 0):
 garbage-first heap   total 137216K, used 106854K [0x00000000a1c00000, 0x0000000100000000)
  region size 1024K, 48 young (49152K), 6 survivors (6144K)
 Metaspace       used 53845K, committed 54144K, reserved 1097728K
  class space    used 6200K, committed 6336K, reserved 1048576K
}
Event: 17.294 GC heap after
{Heap after GC invocations=21 (full 0):
 garbage-first heap   total 137216K, used 69405K [0x00000000a1c00000, 0x0000000100000000)
  region size 1024K, 6 young (6144K), 6 survivors (6144K)
 Metaspace       used 53845K, committed 54144K, reserved 1097728K
  class space    used 6200K, committed 6336K, reserved 1048576K
}
Event: 18.983 GC heap before
{Heap before GC invocations=21 (full 0):
 garbage-first heap   total 137216K, used 108317K [0x00000000a1c00000, 0x0000000100000000)
  region size 1024K, 44 young (45056K), 6 survivors (6144K)
 Metaspace       used 55189K, committed 55488K, reserved 1105920K
  class space    used 6309K, committed 6464K, reserved 1048576K
}
Event: 19.009 GC heap after
{Heap after GC invocations=22 (full 0):
 garbage-first heap   total 137216K, used 72251K [0x00000000a1c00000, 0x0000000100000000)
  region size 1024K, 3 young (3072K), 3 survivors (3072K)
 Metaspace       used 55189K, committed 55488K, reserved 1105920K
  class space    used 6309K, committed 6464K, reserved 1048576K
}
Event: 21.002 GC heap before
{Heap before GC invocations=23 (full 0):
 garbage-first heap   total 137216K, used 110139K [0x00000000a1c00000, 0x0000000100000000)
  region size 1024K, 40 young (40960K), 3 survivors (3072K)
 Metaspace       used 61254K, committed 61632K, reserved 1105920K
  class space    used 6928K, committed 7104K, reserved 1048576K
}
Event: 21.020 GC heap after
{Heap after GC invocations=24 (full 0):
 garbage-first heap   total 137216K, used 74846K [0x00000000a1c00000, 0x0000000100000000)
  region size 1024K, 3 young (3072K), 3 survivors (3072K)
 Metaspace       used 61254K, committed 61632K, reserved 1105920K
  class space    used 6928K, committed 7104K, reserved 1048576K
}
Event: 21.231 GC heap before
{Heap before GC invocations=24 (full 0):
 garbage-first heap   total 137216K, used 77918K [0x00000000a1c00000, 0x0000000100000000)
  region size 1024K, 6 young (6144K), 3 survivors (3072K)
 Metaspace       used 61444K, committed 61824K, reserved 1105920K
  class space    used 6939K, committed 7168K, reserved 1048576K
}
Event: 21.241 GC heap after
{Heap after GC invocations=25 (full 0):
 garbage-first heap   total 137216K, used 74597K [0x00000000a1c00000, 0x0000000100000000)
  region size 1024K, 1 young (1024K), 1 survivors (1024K)
 Metaspace       used 61444K, committed 61824K, reserved 1105920K
  class space    used 6939K, committed 7168K, reserved 1048576K
}

