# JRE version: OpenJDK Runtime Environment (17.0.2+8) (build 17.0.2+8-86)
# Java VM: OpenJDK 64-Bit Server VM (17.0.2+8-86, mixed mode, sharing, tiered, compressed oops, compressed class ptrs, g1 gc, windows-amd64)
GC Precious Log:
 CPUs: 4 total, 4 available
 Memory: 6024M
 Large Page Support: Disabled
 NUMA Support: Disabled
 Compressed Oops: Enabled (32-bit)
 Heap Region Size: 1M
 Heap Min Capacity: 64M
 Heap Initial Capacity: 64M
 Heap Max Capacity: 64M
 Pre-touch: Disabled
 Parallel Workers: 4
 Concurrent Workers: 1
 Concurrent Refinement Workers: 4
 Periodic GC: Disabled
Heap:
 garbage-first heap   total 65536K, used 13162K [0x00000000fc000000, 0x0000000100000000)
  region size 1024K, 6 young (6144K), 5 survivors (5120K)
 Metaspace       used 15874K, committed 16128K, reserved 1064960K
  class space    used 1937K, committed 2048K, reserved 1048576K
GC Heap History (16 events):
Event: 1.211 GC heap before
{Heap before GC invocations=0 (full 0):
 garbage-first heap   total 65536K, used 13312K [0x00000000fc000000, 0x0000000100000000)
  region size 1024K, 13 young (13312K), 0 survivors (0K)
 Metaspace       used 7986K, committed 8128K, reserved 1056768K
  class space    used 880K, committed 960K, reserved 1048576K
}
Event: 1.226 GC heap after
{Heap after GC invocations=1 (full 0):
 garbage-first heap   total 65536K, used 3166K [0x00000000fc000000, 0x0000000100000000)
  region size 1024K, 2 young (2048K), 2 survivors (2048K)
 Metaspace       used 7986K, committed 8128K, reserved 1056768K
  class space    used 880K, committed 960K, reserved 1048576K
}
Event: 40.745 GC heap before
{Heap before GC invocations=1 (full 0):
 garbage-first heap   total 65536K, used 15454K [0x00000000fc000000, 0x0000000100000000)
  region size 1024K, 14 young (14336K), 2 survivors (2048K)
 Metaspace       used 8502K, committed 8704K, reserved 1056768K
  class space    used 911K, committed 960K, reserved 1048576K
}
Event: 40.757 GC heap after
{Heap after GC invocations=2 (full 0):
 garbage-first heap   total 65536K, used 3578K [0x00000000fc000000, 0x0000000100000000)
  region size 1024K, 1 young (1024K), 1 survivors (1024K)
 Metaspace       used 8502K, committed 8704K, reserved 1056768K
  class space    used 911K, committed 960K, reserved 1048576K
}
Event: 59.998 GC heap before
{Heap before GC invocations=2 (full 0):
 garbage-first heap   total 65536K, used 30202K [0x00000000fc000000, 0x0000000100000000)
  region size 1024K, 26 young (26624K), 1 survivors (1024K)
 Metaspace       used 8605K, committed 8768K, reserved 1056768K
  class space    used 916K, committed 960K, reserved 1048576K
}
Event: 60.001 GC heap after
{Heap after GC invocations=3 (full 0):
 garbage-first heap   total 65536K, used 5844K [0x00000000fc000000, 0x0000000100000000)
  region size 1024K, 1 young (1024K), 1 survivors (1024K)
 Metaspace       used 8605K, committed 8768K, reserved 1056768K
  class space    used 916K, committed 960K, reserved 1048576K
}
Event: 63.986 GC heap before
{Heap before GC invocations=3 (full 0):
 garbage-first heap   total 65536K, used 43732K [0x00000000fc000000, 0x0000000100000000)
  region size 1024K, 38 young (38912K), 1 survivors (1024K)
 Metaspace       used 8609K, committed 8768K, reserved 1056768K
  class space    used 916K, committed 960K, reserved 1048576K
}
Event: 63.988 GC heap after
{Heap after GC invocations=4 (full 0):
 garbage-first heap   total 65536K, used 5736K [0x00000000fc000000, 0x0000000100000000)
  region size 1024K, 1 young (1024K), 1 survivors (1024K)
 Metaspace       used 8609K, committed 8768K, reserved 1056768K
  class space    used 916K, committed 960K, reserved 1048576K
}
Event: 66.972 GC heap before
{Heap before GC invocations=4 (full 0):
 garbage-first heap   total 65536K, used 43624K [0x00000000fc000000, 0x0000000100000000)
  region size 1024K, 38 young (38912K), 1 survivors (1024K)
 Metaspace       used 8609K, committed 8768K, reserved 1056768K
  class space    used 916K, committed 960K, reserved 1048576K
}
Event: 66.974 GC heap after
{Heap after GC invocations=5 (full 0):
 garbage-first heap   total 65536K, used 5748K [0x00000000fc000000, 0x0000000100000000)
  region size 1024K, 1 young (1024K), 1 survivors (1024K)
 Metaspace       used 8609K, committed 8768K, reserved 1056768K
  class space    used 916K, committed 960K, reserved 1048576K
}
Event: 70.832 GC heap before
{Heap before GC invocations=5 (full 0):
 garbage-first heap   total 65536K, used 43636K [0x00000000fc000000, 0x0000000100000000)
  region size 1024K, 38 young (38912K), 1 survivors (1024K)
 Metaspace       used 8609K, committed 8768K, reserved 1056768K
  class space    used 916K, committed 960K, reserved 1048576K
}
Event: 70.833 GC heap after
{Heap after GC invocations=6 (full 0):
 garbage-first heap   total 65536K, used 5726K [0x00000000fc000000, 0x0000000100000000)
  region size 1024K, 1 young (1024K), 1 survivors (1024K)
 Metaspace       used 8609K, committed 8768K, reserved 1056768K
  class space    used 916K, committed 960K, reserved 1048576K
}
Event: 72.453 GC heap before
{Heap before GC invocations=6 (full 0):
 garbage-first heap   total 65536K, used 43614K [0x00000000fc000000, 0x0000000100000000)
  region size 1024K, 38 young (38912K), 1 survivors (1024K)
 Metaspace       used 8609K, committed 8768K, reserved 1056768K
  class space    used 916K, committed 960K, reserved 1048576K
}
Event: 72.455 GC heap after
{Heap after GC invocations=7 (full 0):
 garbage-first heap   total 65536K, used 5722K [0x00000000fc000000, 0x0000000100000000)
  region size 1024K, 1 young (1024K), 1 survivors (1024K)
 Metaspace       used 8609K, committed 8768K, reserved 1056768K
  class space    used 916K, committed 960K, reserved 1048576K
}
Event: 75.508 GC heap before
{Heap before GC invocations=7 (full 0):
 garbage-first heap   total 65536K, used 43610K [0x00000000fc000000, 0x0000000100000000)
  region size 1024K, 38 young (38912K), 1 survivors (1024K)
 Metaspace       used 8954K, committed 9088K, reserved 1056768K
  class space    used 953K, committed 1024K, reserved 1048576K
}
Event: 75.511 GC heap after
{Heap after GC invocations=8 (full 0):
 garbage-first heap   total 65536K, used 4207K [0x00000000fc000000, 0x0000000100000000)
  region size 1024K, 1 young (1024K), 1 survivors (1024K)
 Metaspace       used 8954K, committed 9088K, reserved 1056768K
  class space    used 953K, committed 1024K, reserved 1048576K
}

